[debug] [2021-03-30T03:22:53.829Z] ----------------------------------------------------------------------
[debug] [2021-03-30T03:22:53.832Z] Command:       /usr/bin/node /usr/bin/firebase init
[debug] [2021-03-30T03:22:53.833Z] CLI Version:   9.8.0
[debug] [2021-03-30T03:22:53.833Z] Platform:      linux
[debug] [2021-03-30T03:22:53.833Z] Node Version:  v10.24.0
[debug] [2021-03-30T03:22:53.834Z] Time:          Tue Mar 30 2021 16:22:53 GMT+1300 (New Zealand Daylight Time)
[debug] [2021-03-30T03:22:53.834Z] ----------------------------------------------------------------------
[debug] 
[debug] [2021-03-30T03:22:53.851Z] > command requires scopes: ["email","openid","https://www.googleapis.com/auth/cloudplatformprojects.readonly","https://www.googleapis.com/auth/firebase","https://www.googleapis.com/auth/cloud-platform"]
[debug] [2021-03-30T03:22:53.853Z] > authorizing via signed-in user
[info] 
     ######## #### ########  ######## ########     ###     ######  ########
     ##        ##  ##     ## ##       ##     ##  ##   ##  ##       ##
     ######    ##  ########  ######   ########  #########  ######  ######
     ##        ##  ##    ##  ##       ##     ## ##     ##       ## ##
     ##       #### ##     ## ######## ########  ##     ##  ######  ########

You're about to initialize a Firebase project in this directory:

  /mnt/c/Users/troyf/Documents/Projects/burger-builder

Before we get started, keep in mind:

  * You are currently outside your home directory

[info] 
=== Project Setup
[info] 
[info] First, let's associate this project directory with a Firebase project.
[info] You can create multiple project aliases by running firebase use --add, 
[info] but for now we'll just set up a default project.
[info] 
[debug] [2021-03-30T03:23:33.419Z] >>> [apiv2][query] GET https://firebase.googleapis.com/v1beta1/projects pageSize=100
[debug] [2021-03-30T03:23:34.088Z] <<< [apiv2][status] GET https://firebase.googleapis.com/v1beta1/projects 200
[debug] [2021-03-30T03:23:34.088Z] <<< [apiv2][body] GET https://firebase.googleapis.com/v1beta1/projects [omitted]
[info] i  Using project react-my-burger-8f966 (react-my-burger) 
[info] 
=== Hosting Setup
[info] 
[info] Your public directory is the folder (relative to your project directory) that
[info] will contain Hosting assets to be uploaded with firebase deploy. If you
[info] have a build process for your assets, use your build's output directory.
[info] 
[debug] [2021-03-30T03:24:05.557Z] >>> [apiv2][query] GET https://www.gstatic.com/firebasejs/releases.json [none]
[debug] [2021-03-30T03:24:05.807Z] <<< [apiv2][status] GET https://www.gstatic.com/firebasejs/releases.json 200
[debug] [2021-03-30T03:24:05.807Z] <<< [apiv2][body] GET https://www.gstatic.com/firebasejs/releases.json {"current":{"version":"8.3.1","browserURL":"https://www.gstatic.com/firebasejs/8.3.1/firebase.js","packageURL":"https://www.gstatic.com/firebasejs/8.3.1/firebase.tgz"},"live":{"version":"8.3","browserURL":"https://www.gstatic.com/firebasejs/live/8.3/firebase.js","packageURL":"https://www.gstatic.com/firebasejs/live/8.3/firebase.tgz"},"components":{"analytics":"https://www.gstatic.com/firebasejs/8.3.1/firebase-analytics.js","app":"https://www.gstatic.com/firebasejs/8.3.1/firebase-app.js","auth":"https://www.gstatic.com/firebasejs/8.3.1/firebase-auth.js","database":"https://www.gstatic.com/firebasejs/8.3.1/firebase-database.js","firestore":"https://www.gstatic.com/firebasejs/8.3.1/firebase-firestore.js","functions":"https://www.gstatic.com/firebasejs/8.3.1/firebase-functions.js","installations":"https://www.gstatic.com/firebasejs/8.3.1/firebase-installations.js","messaging":"https://www.gstatic.com/firebasejs/8.3.1/firebase-messaging.js","storage":"https://www.gstatic.com/firebasejs/8.3.1/firebase-storage.js","performance":"https://www.gstatic.com/firebasejs/8.3.1/firebase-performance.js","remote-config":"https://www.gstatic.com/firebasejs/8.3.1/firebase-remote-config.js","firestore.memory":"https://www.gstatic.com/firebasejs/8.3.1/firebase-firestore.memory.js"}}
[info] i  Skipping write of build/index.html 
[info] 
[info] i  Detected a .git folder at /mnt/c/Users/troyf/Documents/Projects/burger-builder 
[info] i  Authorizing with GitHub to upload your service account to a GitHub repository's secrets store. 
[info] 
[info] Visit this URL on this device to log in:
[info] https://github.com/login/oauth/authorize?client_id=89cf50f02ac6aaed3484&state=649388742&redirect_uri=http%3A%2F%2Flocalhost%3A9005&scope=read%3Auser%20repo%20public_repo
[info] 
[info] Waiting for authentication...
[debug] [2021-03-30T03:24:19.674Z] >>> HTTP REQUEST POST https://github.com/login/oauth/access_token  
 {"client_id":"89cf50f02ac6aaed3484","client_secret":"3330d14abc895d9a74d5f17cd7a00711fa2c5bf0","code":"ba8bf4c6faab1e2b2228","redirect_uri":"http://localhost:9005","state":"649388742"}
[debug] [2021-03-30T03:24:20.158Z] <<< HTTP RESPONSE 200 {"server":"GitHub.com","date":"Tue, 30 Mar 2021 03:24:19 GMT","content-type":"application/json; charset=utf-8","transfer-encoding":"chunked","vary":"X-PJAX, Accept-Encoding, Accept, X-Requested-With","etag":"W/\"5cb28e9c141b29bafb7f1465991c2baf\"","cache-control":"max-age=0, private, must-revalidate","strict-transport-security":"max-age=31536000; includeSubdomains; preload","x-frame-options":"deny","x-content-type-options":"nosniff","x-xss-protection":"0","referrer-policy":"origin-when-cross-origin, strict-origin-when-cross-origin","expect-ct":"max-age=2592000, report-uri=\"https://api.github.com/_private/browser/errors\"","content-security-policy":"default-src 'none'; base-uri 'self'; block-all-mixed-content; connect-src 'self' uploads.github.com www.githubstatus.com collector.githubapp.com api.github.com github-cloud.s3.amazonaws.com github-production-repository-file-5c1aeb.s3.amazonaws.com github-production-upload-manifest-file-7fdce7.s3.amazonaws.com github-production-user-asset-6210df.s3.amazonaws.com cdn.optimizely.com logx.optimizely.com/v1/events wss://alive.github.com; font-src github.githubassets.com; form-action 'self' github.com gist.github.com; frame-ancestors 'none'; frame-src render.githubusercontent.com; img-src 'self' data: github.githubassets.com identicons.github.com collector.githubapp.com github-cloud.s3.amazonaws.com secured-user-images.githubusercontent.com/ *.githubusercontent.com; manifest-src 'self'; media-src 'none'; script-src github.githubassets.com; style-src 'unsafe-inline' github.githubassets.com; worker-src github.com/socket-worker-6832eced.js gist.github.com/socket-worker-6832eced.js","x-github-request-id":"F061:4BDE:BBE39:F6A7D:606299E3"}
[debug] [2021-03-30T03:24:20.165Z] >>> [apiv2][query] GET https://api.github.com/user [none]
[debug] [2021-03-30T03:24:20.619Z] <<< [apiv2][status] GET https://api.github.com/user 200
[debug] [2021-03-30T03:24:20.619Z] <<< [apiv2][body] GET https://api.github.com/user {"login":"troias","id":26407409,"node_id":"MDQ6VXNlcjI2NDA3NDA5","avatar_url":"https://avatars.githubusercontent.com/u/26407409?v=4","gravatar_id":"","url":"https://api.github.com/users/troias","html_url":"https://github.com/troias","followers_url":"https://api.github.com/users/troias/followers","following_url":"https://api.github.com/users/troias/following{/other_user}","gists_url":"https://api.github.com/users/troias/gists{/gist_id}","starred_url":"https://api.github.com/users/troias/starred{/owner}{/repo}","subscriptions_url":"https://api.github.com/users/troias/subscriptions","organizations_url":"https://api.github.com/users/troias/orgs","repos_url":"https://api.github.com/users/troias/repos","events_url":"https://api.github.com/users/troias/events{/privacy}","received_events_url":"https://api.github.com/users/troias/received_events","type":"User","site_admin":false,"name":"Troy Flavell","company":"Web Dev Inc ","blog":"www.troyflavell.co.nz","location":"Hamilton ","email":"hunter007nz@gmail.com","hireable":null,"bio":"React Dev ","twitter_username":null,"public_repos":4,"public_gists":0,"followers":0,"following":4,"created_at":"2017-03-14T11:14:57Z","updated_at":"2021-03-30T03:24:18Z","private_gists":0,"total_private_repos":18,"owned_private_repos":18,"disk_usage":241364,"collaborators":0,"two_factor_authentication":false,"plan":{"name":"free","space":976562499,"collaborators":0,"private_repos":10000}}
[info] 
[info] ✔  Success! Logged into GitHub as troias 
[info] 
